2022-09-23 16:42:11 INFO  ProjectStartupHandler.runActivity(74) - ---------- Project opened ----------
2022-09-23 16:42:11 INFO  ProjectStartupHandler.runActivity(75) - ---------- Version 3.60 ----------

2022-09-23 16:42:11 INFO  ProjectStartupHandler.setAutoscrolls(346) - Autoscrolls successfully set
2022-09-23 16:42:11 INFO  ApacheHttpClient.isSessionAppropriateWithSecretKey(589) - The session is not set in the property file.
2022-09-23 16:42:11 INFO  ApacheHttpClient.login(250) - Waiting for server response.
2022-09-23 16:42:11 INFO  ApacheHttpClient.login(250) - Waiting for server response.
2022-09-23 16:42:11 INFO  ApacheHttpClient.login(254) - responseCode = 200
2022-09-23 16:42:11 INFO  ApacheHttpClient.login(277) - JSESSIONID OK
2022-09-23 16:42:12 INFO  ApacheHttpClient.refreshUserInfo(305) - responseCode = 200
2022-09-23 16:42:12 INFO  ApacheHttpClient.refreshUserInfo(311) - User information received.
2022-09-23 16:42:12 INFO  ApacheHttpClient.startGA(36) - GAService started.
2022-09-23 16:42:18 INFO  ApacheHttpClient.getWebResourceAsStream(502) - responseCode = 200
2022-09-23 16:42:21 INFO  ApacheHttpClient.getFilteredTasks(336) - responseCode = 200
2022-09-23 16:42:34 INFO  ApacheHttpClient.getWebResourceAsStream(502) - responseCode = 200
2022-09-23 16:42:36 INFO  ApacheHttpClient.getFilteredTasks(336) - responseCode = 200
2022-09-23 16:42:52 INFO  ApacheHttpClient.getFilteredTasks(336) - responseCode = 200
2022-09-23 16:42:56 INFO  ApacheHttpClient.getTaskTemplateInfo(353) - responseCode = 200
2022-09-23 16:42:56 INFO  TaskInfoSelectorMouseListener.createDirectoryRecursive(78) - File created :D:/JAVA/Projekty JAVA/CodeGymTasks/1.JavaSyntax/src/pl
2022-09-23 16:42:56 INFO  TaskInfoSelectorMouseListener.createDirectoryRecursive(78) - File created :D:/JAVA/Projekty JAVA/CodeGymTasks/1.JavaSyntax/src/pl/codegym
2022-09-23 16:42:56 INFO  TaskInfoSelectorMouseListener.createDirectoryRecursive(78) - File created :D:/JAVA/Projekty JAVA/CodeGymTasks/1.JavaSyntax/src/pl/codegym/task
2022-09-23 16:42:56 INFO  TaskInfoSelectorMouseListener.createDirectoryRecursive(78) - File created :D:/JAVA/Projekty JAVA/CodeGymTasks/1.JavaSyntax/src/pl/codegym/task/task04
2022-09-23 16:42:56 INFO  TaskInfoSelectorMouseListener.createDirectoryRecursive(78) - File created :D:/JAVA/Projekty JAVA/CodeGymTasks/1.JavaSyntax/src/pl/codegym/task/task04/task0405
2022-09-23 16:43:26 INFO  ApacheHttpClient.getWebResourceAsStream(502) - responseCode = 200
2022-09-23 16:43:56 INFO  ApacheHttpClient.getWebResourceAsStream(502) - responseCode = 200
2022-09-23 16:43:56 INFO  ApacheHttpClient.getFilteredTasks(336) - responseCode = 200
2022-09-23 16:44:00 INFO  ApacheHttpClient.getTaskTemplateInfo(353) - responseCode = 200
2022-09-23 16:44:00 INFO  TaskInfoSelectorMouseListener.createDirectoryRecursive(78) - File created :D:/JAVA/Projekty JAVA/CodeGymTasks/1.JavaSyntax/src/pl/codegym/task/task04/task0406
2022-09-23 16:45:40 INFO  ProjectStartupHandler.projectClosing(155) - ---------- Project closed ----------

2022-09-23 16:45:41 INFO  ApacheHttpClient.getTask(488) - responseCode = 200
2022-09-23 16:45:41 INFO  ApacheHttpClient.getTask(488) - responseCode = 200
2022-09-23 16:45:41 INFO  PluginProjectService.dispose(41) - PluginProjectService for disposed.
2022-09-23 16:46:02 INFO  ProjectStartupHandler.runActivity(74) - ---------- Project opened ----------
2022-09-23 16:46:02 INFO  ProjectStartupHandler.runActivity(75) - ---------- Version 3.60 ----------

2022-09-23 16:46:02 INFO  ProjectStartupHandler.setAutoscrolls(346) - Autoscrolls successfully set
2022-09-23 16:46:02 INFO  ApacheHttpClient.isSessionAppropriateWithSecretKey(602) - Waiting for server response.
2022-09-23 16:46:02 INFO  ApacheHttpClient.isSessionAppropriateWithSecretKey(602) - Waiting for server response.
2022-09-23 16:46:02 INFO  ApacheHttpClient.refreshUserInfo(305) - responseCode = 200
2022-09-23 16:46:02 INFO  ApacheHttpClient.refreshUserInfo(311) - User information received.
2022-09-23 16:46:02 INFO  ApacheHttpClient.startGA(36) - GAService started.
2022-09-23 16:47:19 INFO  ApacheHttpClient.getWebResourceAsStream(502) - responseCode = 200
2022-09-23 16:47:19 INFO  ApacheHttpClient.getFilteredTasks(336) - responseCode = 200
2022-09-25 12:09:57 INFO  ProjectStartupHandler.runActivity(74) - ---------- Project opened ----------
2022-09-25 12:09:57 INFO  ProjectStartupHandler.runActivity(75) - ---------- Version 3.60 ----------

2022-09-25 12:09:58 INFO  ApacheHttpClient.isSessionAppropriateWithSecretKey(602) - Waiting for server response.
2022-09-25 12:09:58 INFO  ApacheHttpClient.isSessionAppropriateWithSecretKey(602) - Waiting for server response.
2022-09-25 12:09:58 INFO  ApacheHttpClient.isSessionAppropriateWithSecretKey(602) - Waiting for server response.
2022-09-25 12:09:58 INFO  ApacheHttpClient.refreshUserInfo(305) - responseCode = 200
2022-09-25 12:09:58 INFO  ApacheHttpClient.refreshUserInfo(311) - User information received.
2022-09-25 12:09:58 INFO  ApacheHttpClient.startGA(36) - GAService started.
2022-09-25 12:09:59 INFO  AnalyticsService.run(86) - null : error in server. Status code :429
2022-09-25 12:17:56 INFO  ApacheHttpClient.getWebResourceAsStream(502) - responseCode = 200
2022-09-25 12:17:56 WARN  PluginUtil.getCurrentTask(78) - Error while retrieving the task key.
java.lang.StringIndexOutOfBoundsException: begin -1, end 64, length 64
	at java.base/java.lang.String.checkBoundsBeginEnd(String.java:4604)
	at java.base/java.lang.String.substring(String.java:2707)
	at java.base/java.lang.String.substring(String.java:2680)
	at com.homework.plugin.PluginUtil.getCurrentVirtualFile(PluginUtil.java:160)
	at com.homework.plugin.PluginUtil.getCurrentTask(PluginUtil.java:69)
	at com.homework.plugin.button.ValidateButton.actionPerformed(ValidateButton.java:57)
	at com.intellij.openapi.actionSystem.impl.ActionButton.actionPerformed(ActionButton.java:190)
	at com.intellij.openapi.actionSystem.impl.ActionButton.lambda$performAction$0(ActionButton.java:166)
	at com.intellij.openapi.actionSystem.ex.ActionUtil.performDumbAwareWithCallbacks(ActionUtil.java:337)
	at com.intellij.openapi.actionSystem.impl.ActionButton.performAction(ActionButton.java:166)
	at com.intellij.openapi.actionSystem.impl.ActionButton.processMouseEvent(ActionButton.java:465)
	at java.desktop/java.awt.Component.processEvent(Component.java:6413)
	at java.desktop/java.awt.Container.processEvent(Container.java:2266)
	at java.desktop/java.awt.Component.dispatchEventImpl(Component.java:5022)
	at java.desktop/java.awt.Container.dispatchEventImpl(Container.java:2324)
	at java.desktop/java.awt.Component.dispatchEvent(Component.java:4854)
	at java.desktop/java.awt.LightweightDispatcher.retargetMouseEvent(Container.java:4948)
	at java.desktop/java.awt.LightweightDispatcher.processMouseEvent(Container.java:4575)
	at java.desktop/java.awt.LightweightDispatcher.dispatchEvent(Container.java:4516)
	at java.desktop/java.awt.Container.dispatchEventImpl(Container.java:2310)
	at java.desktop/java.awt.Window.dispatchEventImpl(Window.java:2802)
	at java.desktop/java.awt.Component.dispatchEvent(Component.java:4854)
	at java.desktop/java.awt.EventQueue.dispatchEventImpl(EventQueue.java:781)
	at java.desktop/java.awt.EventQueue$4.run(EventQueue.java:730)
	at java.desktop/java.awt.EventQueue$4.run(EventQueue.java:724)
	at java.base/java.security.AccessController.doPrivileged(AccessController.java:399)
	at java.base/java.security.ProtectionDomain$JavaSecurityAccessImpl.doIntersectionPrivilege(ProtectionDomain.java:86)
	at java.base/java.security.ProtectionDomain$JavaSecurityAccessImpl.doIntersectionPrivilege(ProtectionDomain.java:97)
	at java.desktop/java.awt.EventQueue$5.run(EventQueue.java:754)
	at java.desktop/java.awt.EventQueue$5.run(EventQueue.java:752)
	at java.base/java.security.AccessController.doPrivileged(AccessController.java:399)
	at java.base/java.security.ProtectionDomain$JavaSecurityAccessImpl.doIntersectionPrivilege(ProtectionDomain.java:86)
	at java.desktop/java.awt.EventQueue.dispatchEvent(EventQueue.java:751)
	at com.intellij.ide.IdeEventQueue.defaultDispatchEvent(IdeEventQueue.java:918)
	at com.intellij.ide.IdeEventQueue.dispatchMouseEvent(IdeEventQueue.java:840)
	at com.intellij.ide.IdeEventQueue._dispatchEvent(IdeEventQueue.java:763)
	at com.intellij.ide.IdeEventQueue.lambda$dispatchEvent$6(IdeEventQueue.java:450)
	at com.intellij.openapi.progress.impl.CoreProgressManager.computePrioritized(CoreProgressManager.java:791)
	at com.intellij.ide.IdeEventQueue.lambda$dispatchEvent$7(IdeEventQueue.java:449)
	at com.intellij.openapi.application.TransactionGuardImpl.performActivity(TransactionGuardImpl.java:113)
	at com.intellij.ide.IdeEventQueue.performActivity(IdeEventQueue.java:624)
	at com.intellij.ide.IdeEventQueue.lambda$dispatchEvent$8(IdeEventQueue.java:447)
	at com.intellij.openapi.application.impl.ApplicationImpl.runIntendedWriteActionOnCurrentThread(ApplicationImpl.java:881)
	at com.intellij.ide.IdeEventQueue.dispatchEvent(IdeEventQueue.java:493)
	at java.desktop/java.awt.EventDispatchThread.pumpOneEventForFilters(EventDispatchThread.java:207)
	at java.desktop/java.awt.EventDispatchThread.pumpEventsForFilter(EventDispatchThread.java:128)
	at java.desktop/java.awt.EventDispatchThread.pumpEventsForHierarchy(EventDispatchThread.java:117)
	at java.desktop/java.awt.EventDispatchThread.pumpEvents(EventDispatchThread.java:113)
	at java.desktop/java.awt.EventDispatchThread.pumpEvents(EventDispatchThread.java:105)
	at java.desktop/java.awt.EventDispatchThread.run(EventDispatchThread.java:92)
2022-09-25 12:17:56 WARN  PluginUtil.getCurrentDirectory(109) - Error while getting the current directory.
java.lang.StringIndexOutOfBoundsException: begin -1, end 64, length 64
	at java.base/java.lang.String.checkBoundsBeginEnd(String.java:4604)
	at java.base/java.lang.String.substring(String.java:2707)
	at java.base/java.lang.String.substring(String.java:2680)
	at com.homework.plugin.PluginUtil.getCurrentVirtualFile(PluginUtil.java:160)
	at com.homework.plugin.PluginUtil.getCurrentDirectory(PluginUtil.java:107)
	at com.homework.plugin.button.ValidateButton.actionPerformed(ValidateButton.java:62)
	at com.intellij.openapi.actionSystem.impl.ActionButton.actionPerformed(ActionButton.java:190)
	at com.intellij.openapi.actionSystem.impl.ActionButton.lambda$performAction$0(ActionButton.java:166)
	at com.intellij.openapi.actionSystem.ex.ActionUtil.performDumbAwareWithCallbacks(ActionUtil.java:337)
	at com.intellij.openapi.actionSystem.impl.ActionButton.performAction(ActionButton.java:166)
	at com.intellij.openapi.actionSystem.impl.ActionButton.processMouseEvent(ActionButton.java:465)
	at java.desktop/java.awt.Component.processEvent(Component.java:6413)
	at java.desktop/java.awt.Container.processEvent(Container.java:2266)
	at java.desktop/java.awt.Component.dispatchEventImpl(Component.java:5022)
	at java.desktop/java.awt.Container.dispatchEventImpl(Container.java:2324)
	at java.desktop/java.awt.Component.dispatchEvent(Component.java:4854)
	at java.desktop/java.awt.LightweightDispatcher.retargetMouseEvent(Container.java:4948)
	at java.desktop/java.awt.LightweightDispatcher.processMouseEvent(Container.java:4575)
	at java.desktop/java.awt.LightweightDispatcher.dispatchEvent(Container.java:4516)
	at java.desktop/java.awt.Container.dispatchEventImpl(Container.java:2310)
	at java.desktop/java.awt.Window.dispatchEventImpl(Window.java:2802)
	at java.desktop/java.awt.Component.dispatchEvent(Component.java:4854)
	at java.desktop/java.awt.EventQueue.dispatchEventImpl(EventQueue.java:781)
	at java.desktop/java.awt.EventQueue$4.run(EventQueue.java:730)
	at java.desktop/java.awt.EventQueue$4.run(EventQueue.java:724)
	at java.base/java.security.AccessController.doPrivileged(AccessController.java:399)
	at java.base/java.security.ProtectionDomain$JavaSecurityAccessImpl.doIntersectionPrivilege(ProtectionDomain.java:86)
	at java.base/java.security.ProtectionDomain$JavaSecurityAccessImpl.doIntersectionPrivilege(ProtectionDomain.java:97)
	at java.desktop/java.awt.EventQueue$5.run(EventQueue.java:754)
	at java.desktop/java.awt.EventQueue$5.run(EventQueue.java:752)
	at java.base/java.security.AccessController.doPrivileged(AccessController.java:399)
	at java.base/java.security.ProtectionDomain$JavaSecurityAccessImpl.doIntersectionPrivilege(ProtectionDomain.java:86)
	at java.desktop/java.awt.EventQueue.dispatchEvent(EventQueue.java:751)
	at com.intellij.ide.IdeEventQueue.defaultDispatchEvent(IdeEventQueue.java:918)
	at com.intellij.ide.IdeEventQueue.dispatchMouseEvent(IdeEventQueue.java:840)
	at com.intellij.ide.IdeEventQueue._dispatchEvent(IdeEventQueue.java:763)
	at com.intellij.ide.IdeEventQueue.lambda$dispatchEvent$6(IdeEventQueue.java:450)
	at com.intellij.openapi.progress.impl.CoreProgressManager.computePrioritized(CoreProgressManager.java:791)
	at com.intellij.ide.IdeEventQueue.lambda$dispatchEvent$7(IdeEventQueue.java:449)
	at com.intellij.openapi.application.TransactionGuardImpl.performActivity(TransactionGuardImpl.java:113)
	at com.intellij.ide.IdeEventQueue.performActivity(IdeEventQueue.java:624)
	at com.intellij.ide.IdeEventQueue.lambda$dispatchEvent$8(IdeEventQueue.java:447)
	at com.intellij.openapi.application.impl.ApplicationImpl.runIntendedWriteActionOnCurrentThread(ApplicationImpl.java:881)
	at com.intellij.ide.IdeEventQueue.dispatchEvent(IdeEventQueue.java:493)
	at java.desktop/java.awt.EventDispatchThread.pumpOneEventForFilters(EventDispatchThread.java:207)
	at java.desktop/java.awt.EventDispatchThread.pumpEventsForFilter(EventDispatchThread.java:128)
	at java.desktop/java.awt.EventDispatchThread.pumpEventsForHierarchy(EventDispatchThread.java:117)
	at java.desktop/java.awt.EventDispatchThread.pumpEvents(EventDispatchThread.java:113)
	at java.desktop/java.awt.EventDispatchThread.pumpEvents(EventDispatchThread.java:105)
	at java.desktop/java.awt.EventDispatchThread.run(EventDispatchThread.java:92)
2022-09-25 12:17:56 WARN  PluginUtil.getCurrentDirectory(109) - Error while getting the current directory.
java.lang.StringIndexOutOfBoundsException: begin -1, end 64, length 64
	at java.base/java.lang.String.checkBoundsBeginEnd(String.java:4604)
	at java.base/java.lang.String.substring(String.java:2707)
	at java.base/java.lang.String.substring(String.java:2680)
	at com.homework.plugin.PluginUtil.getCurrentVirtualFile(PluginUtil.java:160)
	at com.homework.plugin.PluginUtil.getCurrentDirectory(PluginUtil.java:107)
	at com.homework.plugin.PluginUtil.getTaskTitle(PluginUtil.java:84)
	at com.homework.plugin.button.ValidateButton.actionPerformed(ValidateButton.java:85)
	at com.intellij.openapi.actionSystem.impl.ActionButton.actionPerformed(ActionButton.java:190)
	at com.intellij.openapi.actionSystem.impl.ActionButton.lambda$performAction$0(ActionButton.java:166)
	at com.intellij.openapi.actionSystem.ex.ActionUtil.performDumbAwareWithCallbacks(ActionUtil.java:337)
	at com.intellij.openapi.actionSystem.impl.ActionButton.performAction(ActionButton.java:166)
	at com.intellij.openapi.actionSystem.impl.ActionButton.processMouseEvent(ActionButton.java:465)
	at java.desktop/java.awt.Component.processEvent(Component.java:6413)
	at java.desktop/java.awt.Container.processEvent(Container.java:2266)
	at java.desktop/java.awt.Component.dispatchEventImpl(Component.java:5022)
	at java.desktop/java.awt.Container.dispatchEventImpl(Container.java:2324)
	at java.desktop/java.awt.Component.dispatchEvent(Component.java:4854)
	at java.desktop/java.awt.LightweightDispatcher.retargetMouseEvent(Container.java:4948)
	at java.desktop/java.awt.LightweightDispatcher.processMouseEvent(Container.java:4575)
	at java.desktop/java.awt.LightweightDispatcher.dispatchEvent(Container.java:4516)
	at java.desktop/java.awt.Container.dispatchEventImpl(Container.java:2310)
	at java.desktop/java.awt.Window.dispatchEventImpl(Window.java:2802)
	at java.desktop/java.awt.Component.dispatchEvent(Component.java:4854)
	at java.desktop/java.awt.EventQueue.dispatchEventImpl(EventQueue.java:781)
	at java.desktop/java.awt.EventQueue$4.run(EventQueue.java:730)
	at java.desktop/java.awt.EventQueue$4.run(EventQueue.java:724)
	at java.base/java.security.AccessController.doPrivileged(AccessController.java:399)
	at java.base/java.security.ProtectionDomain$JavaSecurityAccessImpl.doIntersectionPrivilege(ProtectionDomain.java:86)
	at java.base/java.security.ProtectionDomain$JavaSecurityAccessImpl.doIntersectionPrivilege(ProtectionDomain.java:97)
	at java.desktop/java.awt.EventQueue$5.run(EventQueue.java:754)
	at java.desktop/java.awt.EventQueue$5.run(EventQueue.java:752)
	at java.base/java.security.AccessController.doPrivileged(AccessController.java:399)
	at java.base/java.security.ProtectionDomain$JavaSecurityAccessImpl.doIntersectionPrivilege(ProtectionDomain.java:86)
	at java.desktop/java.awt.EventQueue.dispatchEvent(EventQueue.java:751)
	at com.intellij.ide.IdeEventQueue.defaultDispatchEvent(IdeEventQueue.java:918)
	at com.intellij.ide.IdeEventQueue.dispatchMouseEvent(IdeEventQueue.java:840)
	at com.intellij.ide.IdeEventQueue._dispatchEvent(IdeEventQueue.java:763)
	at com.intellij.ide.IdeEventQueue.lambda$dispatchEvent$6(IdeEventQueue.java:450)
	at com.intellij.openapi.progress.impl.CoreProgressManager.computePrioritized(CoreProgressManager.java:791)
	at com.intellij.ide.IdeEventQueue.lambda$dispatchEvent$7(IdeEventQueue.java:449)
	at com.intellij.openapi.application.TransactionGuardImpl.performActivity(TransactionGuardImpl.java:113)
	at com.intellij.ide.IdeEventQueue.performActivity(IdeEventQueue.java:624)
	at com.intellij.ide.IdeEventQueue.lambda$dispatchEvent$8(IdeEventQueue.java:447)
	at com.intellij.openapi.application.impl.ApplicationImpl.runIntendedWriteActionOnCurrentThread(ApplicationImpl.java:881)
	at com.intellij.ide.IdeEventQueue.dispatchEvent(IdeEventQueue.java:493)
	at java.desktop/java.awt.EventDispatchThread.pumpOneEventForFilters(EventDispatchThread.java:207)
	at java.desktop/java.awt.EventDispatchThread.pumpEventsForFilter(EventDispatchThread.java:128)
	at java.desktop/java.awt.EventDispatchThread.pumpEventsForHierarchy(EventDispatchThread.java:117)
	at java.desktop/java.awt.EventDispatchThread.pumpEvents(EventDispatchThread.java:113)
	at java.desktop/java.awt.EventDispatchThread.pumpEvents(EventDispatchThread.java:105)
	at java.desktop/java.awt.EventDispatchThread.run(EventDispatchThread.java:92)
2022-09-25 12:17:56 INFO  ApacheHttpClient.getTask(488) - responseCode = 200
2022-09-25 12:17:57 INFO  AnalyticsService.run(86) - null : error in server. Status code :429
2022-09-25 12:17:57 INFO  AnalyticsService.run(86) - null : error in server. Status code :429
2022-09-25 12:17:57 INFO  AnalyticsService.run(86) - null : error in server. Status code :429
2022-09-25 12:17:59 INFO  ApacheHttpClient.completed(32) - responseCode = 200
2022-09-25 12:17:59 INFO  AnalyticsService.run(86) - null : error in server. Status code :429
